<?xml version="1.0" encoding="UTF-8"?>
<!-- Generated by org.testng.reporters.JUnitReportReporter -->
<testsuite hostname="DESKTOP-E7JB5E4" failures="0" tests="4" name="fundModule.VerifyUserCanAddFunds" time="13.018" errors="0" timestamp="2023-02-14T16:23:18 IST" skipped="0">
  <testcase classname="fundModule.VerifyUserCanAddFunds" name="VerifyUserCanLogin" time="8.564"/>
  <system-out/>
  <testcase classname="fundModule.VerifyUserCanAddFunds" name="VerifyUserCanOpenFundWindow" time="0.140"/>
  <system-out/>
  <testcase classname="fundModule.VerifyUserCanAddFunds" name="VerifyUserCanOpenDepositeFundWindow" time="2.444"/>
  <system-out/>
  <testcase classname="fundModule.VerifyUserCanAddFunds" name="VerifyUserCanFillDepositeDetailsAdnContinue" time="1.870"/>
  <system-out/>
</testsuite> <!-- fundModule.VerifyUserCanAddFunds -->
