<?xml version="1.0" encoding="UTF-8"?>
<!-- Generated by org.testng.reporters.JUnitReportReporter -->
<testsuite hostname="DESKTOP-E7JB5E4" failures="0" tests="1" name="dashBoard.VerifyUserCanAddStocksToWatchList" time="1.184" errors="0" timestamp="2023-02-13T19:59:06 IST" skipped="0">
  <testcase classname="dashBoard.VerifyUserCanAddStocksToWatchList" name="f" time="1.184"/>
  <system-out/>
</testsuite> <!-- dashBoard.VerifyUserCanAddStocksToWatchList -->
